Sat Sep 01 2018 17:26:26 GMT+0200 (South Africa Standard Time): GET /
Sat Sep 01 2018 17:26:26 GMT+0200 (South Africa Standard Time): GET /
Sat Sep 01 2018 17:26:26 GMT+0200 (South Africa Standard Time): GET /favicon.ico
Sat Sep 01 2018 17:26:26 GMT+0200 (South Africa Standard Time): GET /favicon.ico
Sat Sep 01 2018 17:27:36 GMT+0200 (South Africa Standard Time): GET /ll
Sat Sep 01 2018 17:27:36 GMT+0200 (South Africa Standard Time): GET /ll
Sat Sep 01 2018 17:27:36 GMT+0200 (South Africa Standard Time): GET /favicon.ico
Sat Sep 01 2018 17:27:36 GMT+0200 (South Africa Standard Time): GET /favicon.ico
Sat Sep 01 2018 17:27:38 GMT+0200 (South Africa Standard Time): GET /llssdf
Sat Sep 01 2018 17:27:38 GMT+0200 (South Africa Standard Time): GET /llssdf
Sat Sep 01 2018 17:27:38 GMT+0200 (South Africa Standard Time): GET /favicon.ico
Sat Sep 01 2018 17:27:38 GMT+0200 (South Africa Standard Time): GET /favicon.ico
Sat Sep 01 2018 17:29:29 GMT+0200 (South Africa Standard Time): GET /help.html
Sat Sep 01 2018 17:29:30 GMT+0200 (South Africa Standard Time): GET /favicon.ico
Sat Sep 01 2018 17:29:39 GMT+0200 (South Africa Standard Time): GET /dddd
Sat Sep 01 2018 17:29:39 GMT+0200 (South Africa Standard Time): GET /favicon.ico
Sat Sep 01 2018 17:30:52 GMT+0200 (South Africa Standard Time): GET /ddddsss
Sat Sep 01 2018 17:30:52 GMT+0200 (South Africa Standard Time): GET /favicon.ico
Sat Sep 01 2018 17:33:30 GMT+0200 (South Africa Standard Time): GET /ddddsss
Sat Sep 01 2018 17:33:30 GMT+0200 (South Africa Standard Time): GET /favicon.ico
Sat Sep 01 2018 17:33:33 GMT+0200 (South Africa Standard Time): GET /ddddsss
Sat Sep 01 2018 17:33:35 GMT+0200 (South Africa Standard Time): GET /
Sat Sep 01 2018 17:33:37 GMT+0200 (South Africa Standard Time): GET /
Sat Sep 01 2018 17:33:37 GMT+0200 (South Africa Standard Time): GET /about
Sat Sep 01 2018 17:33:38 GMT+0200 (South Africa Standard Time): GET /
Sat Sep 01 2018 17:33:38 GMT+0200 (South Africa Standard Time): GET /about
Sat Sep 01 2018 17:33:39 GMT+0200 (South Africa Standard Time): GET /about
Sat Sep 01 2018 17:33:39 GMT+0200 (South Africa Standard Time): GET /
